0 info it worked if it ends with ok
1 verbose cli [ 'node', '/usr/local/bin/npm', 'install' ]
2 info using npm@2.11.2
3 info using node@v0.12.5
4 verbose node symlink /usr/local/bin/node
5 verbose readDependencies loading dependencies from /Users/Daf/GitHub/pennytracker/package.json
6 warn package.json pennyTracker-core@ No repository field.
7 warn package.json pennyTracker-core@ No README data
8 warn package.json pennyTracker-core@ No license field.
9 verbose install where, deps [ '/Users/Daf/GitHub/pennytracker',
9 verbose install   [ 'express',
9 verbose install     'grunt',
9 verbose install     'grunt-contrib-concat',
9 verbose install     'grunt-contrib-copy',
9 verbose install     'grunt-contrib-jshint',
9 verbose install     'grunt-contrib-nodeunit',
9 verbose install     'grunt-contrib-uglify',
9 verbose install     'grunt-contrib-watch',
9 verbose install     'grunt-jsdoc',
9 verbose install     'grunt-exec',
9 verbose install     'grunt-karma',
9 verbose install     'karma',
9 verbose install     'karma-jasmine',
9 verbose install     'karma-phantomjs-launcher' ] ]
10 verbose install where, peers [ '/Users/Daf/GitHub/pennytracker', [] ]
11 verbose installManyTop reading for lifecycle /Users/Daf/GitHub/pennytracker/package.json
12 info preinstall pennyTracker-core@
13 verbose installManyTop reading scoped package data from /Users/Daf/GitHub/pennytracker/node_modules/express/package.json
14 verbose installManyTop reading scoped package data from /Users/Daf/GitHub/pennytracker/node_modules/grunt/package.json
15 verbose installManyTop reading scoped package data from /Users/Daf/GitHub/pennytracker/node_modules/grunt-contrib-concat/package.json
16 verbose installManyTop reading scoped package data from /Users/Daf/GitHub/pennytracker/node_modules/grunt-contrib-copy/package.json
17 verbose installManyTop reading scoped package data from /Users/Daf/GitHub/pennytracker/node_modules/grunt-contrib-jshint/package.json
18 verbose installManyTop reading scoped package data from /Users/Daf/GitHub/pennytracker/node_modules/grunt-contrib-nodeunit/package.json
19 verbose installManyTop reading scoped package data from /Users/Daf/GitHub/pennytracker/node_modules/grunt-contrib-uglify/package.json
20 verbose installManyTop reading scoped package data from /Users/Daf/GitHub/pennytracker/node_modules/grunt-contrib-watch/package.json
21 verbose installManyTop reading scoped package data from /Users/Daf/GitHub/pennytracker/node_modules/grunt-exec/package.json
22 verbose installManyTop reading scoped package data from /Users/Daf/GitHub/pennytracker/node_modules/grunt-jsdoc/package.json
23 verbose installManyTop reading scoped package data from /Users/Daf/GitHub/pennytracker/node_modules/grunt-karma/package.json
24 verbose installManyTop reading scoped package data from /Users/Daf/GitHub/pennytracker/node_modules/jasmine-core/package.json
25 verbose installManyTop reading scoped package data from /Users/Daf/GitHub/pennytracker/node_modules/karma/package.json
26 verbose installManyTop reading scoped package data from /Users/Daf/GitHub/pennytracker/node_modules/karma-jasmine/package.json
27 verbose installManyTop reading scoped package data from /Users/Daf/GitHub/pennytracker/node_modules/karma-phantomjs-launcher/package.json
28 verbose installManyTop reading scoped package data from /Users/Daf/GitHub/pennytracker/node_modules/phantomjs/package.json
29 info package.json grunt@0.4.5 No license field.
30 info package.json grunt-contrib-concat@0.5.1 No license field.
31 info package.json grunt-contrib-nodeunit@0.4.1 No license field.
32 info package.json grunt-contrib-watch@0.6.1 No license field.
33 info package.json grunt-exec@0.4.6 No license field.
34 verbose readDependencies loading dependencies from /Users/Daf/GitHub/pennytracker/package.json
35 verbose targetResolver reading package data from /Users/Daf/GitHub/pennytracker/node_modules/express/package.json
36 verbose targetResolver reading package data from /Users/Daf/GitHub/pennytracker/node_modules/grunt/package.json
37 verbose targetResolver reading package data from /Users/Daf/GitHub/pennytracker/node_modules/grunt-contrib-concat/package.json
38 verbose targetResolver reading package data from /Users/Daf/GitHub/pennytracker/node_modules/grunt-contrib-copy/package.json
39 verbose targetResolver reading package data from /Users/Daf/GitHub/pennytracker/node_modules/grunt-contrib-jshint/package.json
40 verbose targetResolver reading package data from /Users/Daf/GitHub/pennytracker/node_modules/grunt-contrib-nodeunit/package.json
41 verbose targetResolver reading package data from /Users/Daf/GitHub/pennytracker/node_modules/grunt-contrib-uglify/package.json
42 verbose targetResolver reading package data from /Users/Daf/GitHub/pennytracker/node_modules/grunt-contrib-watch/package.json
43 verbose targetResolver reading package data from /Users/Daf/GitHub/pennytracker/node_modules/grunt-exec/package.json
44 verbose targetResolver reading package data from /Users/Daf/GitHub/pennytracker/node_modules/grunt-jsdoc/package.json
45 verbose targetResolver reading package data from /Users/Daf/GitHub/pennytracker/node_modules/grunt-karma/package.json
46 verbose targetResolver reading package data from /Users/Daf/GitHub/pennytracker/node_modules/jasmine-core/package.json
47 verbose targetResolver reading package data from /Users/Daf/GitHub/pennytracker/node_modules/karma/package.json
48 verbose targetResolver reading package data from /Users/Daf/GitHub/pennytracker/node_modules/karma-jasmine/package.json
49 verbose targetResolver reading package data from /Users/Daf/GitHub/pennytracker/node_modules/karma-phantomjs-launcher/package.json
50 verbose targetResolver reading package data from /Users/Daf/GitHub/pennytracker/node_modules/phantomjs/package.json
51 verbose targetResolver reading package data from /Users/Daf/GitHub/pennytracker/node_modules/.bin/grunt-jsdoc/package.json
52 verbose targetResolver reading package data from /Users/Daf/GitHub/pennytracker/node_modules/.bin/karma/package.json
53 verbose targetResolver reading package data from /Users/Daf/GitHub/pennytracker/node_modules/.bin/phantomjs/package.json
54 verbose already installed skipping express@* /Users/Daf/GitHub/pennytracker
55 verbose already installed skipping grunt@* /Users/Daf/GitHub/pennytracker
56 verbose already installed skipping grunt-contrib-concat@* /Users/Daf/GitHub/pennytracker
57 verbose already installed skipping grunt-contrib-copy@* /Users/Daf/GitHub/pennytracker
58 verbose already installed skipping grunt-contrib-jshint@* /Users/Daf/GitHub/pennytracker
59 verbose already installed skipping grunt-contrib-nodeunit@* /Users/Daf/GitHub/pennytracker
60 verbose already installed skipping grunt-contrib-uglify@* /Users/Daf/GitHub/pennytracker
61 verbose already installed skipping grunt-contrib-watch@* /Users/Daf/GitHub/pennytracker
62 verbose already installed skipping grunt-jsdoc@* /Users/Daf/GitHub/pennytracker
63 verbose already installed skipping grunt-exec@* /Users/Daf/GitHub/pennytracker
64 verbose already installed skipping grunt-karma@* /Users/Daf/GitHub/pennytracker
65 verbose already installed skipping karma@* /Users/Daf/GitHub/pennytracker
66 verbose already installed skipping karma-jasmine@* /Users/Daf/GitHub/pennytracker
67 verbose already installed skipping karma-phantomjs-launcher@* /Users/Daf/GitHub/pennytracker
68 silly install resolved []
69 info build /Users/Daf/GitHub/pennytracker
70 info linkStuff pennyTracker-core@
71 silly linkStuff pennyTracker-core@ has /Users/Daf/GitHub as its parent node_modules
72 verbose linkBins pennyTracker-core@
73 verbose linkMans pennyTracker-core@
74 verbose rebuildBundles pennyTracker-core@
75 verbose rebuildBundles [ '.bin',
75 verbose rebuildBundles   'express',
75 verbose rebuildBundles   'grunt',
75 verbose rebuildBundles   'grunt-contrib-concat',
75 verbose rebuildBundles   'grunt-contrib-copy',
75 verbose rebuildBundles   'grunt-contrib-jshint',
75 verbose rebuildBundles   'grunt-contrib-nodeunit',
75 verbose rebuildBundles   'grunt-contrib-uglify',
75 verbose rebuildBundles   'grunt-contrib-watch',
75 verbose rebuildBundles   'grunt-exec',
75 verbose rebuildBundles   'grunt-jsdoc',
75 verbose rebuildBundles   'grunt-karma',
75 verbose rebuildBundles   'jasmine-core',
75 verbose rebuildBundles   'karma',
75 verbose rebuildBundles   'karma-jasmine',
75 verbose rebuildBundles   'karma-phantomjs-launcher',
75 verbose rebuildBundles   'phantomjs' ]
76 verbose rebuild bundle /Users/Daf/GitHub/pennytracker/node_modules/jasmine-core
77 info build /Users/Daf/GitHub/pennytracker/node_modules/jasmine-core
78 info preinstall jasmine-core@2.3.4
79 info linkStuff jasmine-core@2.3.4
80 silly linkStuff jasmine-core@2.3.4 has /Users/Daf/GitHub/pennytracker/node_modules as its parent node_modules
81 verbose linkBins jasmine-core@2.3.4
82 verbose linkMans jasmine-core@2.3.4
83 verbose rebuildBundles jasmine-core@2.3.4
84 info install jasmine-core@2.3.4
85 info postinstall jasmine-core@2.3.4
86 verbose rebuild bundle /Users/Daf/GitHub/pennytracker/node_modules/phantomjs
87 info build /Users/Daf/GitHub/pennytracker/node_modules/phantomjs
88 info preinstall phantomjs@1.9.18
89 info linkStuff phantomjs@1.9.18
90 silly linkStuff phantomjs@1.9.18 has /Users/Daf/GitHub/pennytracker/node_modules as its parent node_modules
91 verbose linkBins phantomjs@1.9.18
92 verbose link bins [ { phantomjs: './bin/phantomjs' },
92 verbose link bins   '/Users/Daf/GitHub/pennytracker/node_modules/.bin',
92 verbose link bins   false ]
93 verbose linkMans phantomjs@1.9.18
94 verbose rebuildBundles phantomjs@1.9.18
95 verbose rebuildBundles [ '.bin',
95 verbose rebuildBundles   'adm-zip',
95 verbose rebuildBundles   'fs-extra',
95 verbose rebuildBundles   'kew',
95 verbose rebuildBundles   'npmconf',
95 verbose rebuildBundles   'progress',
95 verbose rebuildBundles   'request',
95 verbose rebuildBundles   'request-progress',
95 verbose rebuildBundles   'which' ]
96 silly gentlyRm /Users/Daf/GitHub/pennytracker/node_modules/.bin/phantomjs is being purged
97 verbose gentlyRm don't care about contents; nuking /Users/Daf/GitHub/pennytracker/node_modules/.bin/phantomjs
98 silly vacuum-fs purging /Users/Daf/GitHub/pennytracker/node_modules/.bin/phantomjs
99 silly vacuum-fs quitting because other entries in /Users/Daf/GitHub/pennytracker/node_modules/.bin
100 info install phantomjs@1.9.18
101 verbose unsafe-perm in lifecycle true
102 info postinstall phantomjs@1.9.18
103 info install pennyTracker-core@
104 info postinstall pennyTracker-core@
105 verbose unsafe-perm in lifecycle true
106 info pennyTracker-core@ Failed to exec postinstall script
107 verbose stack Error: pennyTracker-core@ postinstall: `bower install`
107 verbose stack Exit status 1
107 verbose stack     at EventEmitter.<anonymous> (/usr/local/lib/node_modules/npm/lib/utils/lifecycle.js:213:16)
107 verbose stack     at EventEmitter.emit (events.js:110:17)
107 verbose stack     at ChildProcess.<anonymous> (/usr/local/lib/node_modules/npm/lib/utils/spawn.js:24:14)
107 verbose stack     at ChildProcess.emit (events.js:110:17)
107 verbose stack     at maybeClose (child_process.js:1015:16)
107 verbose stack     at Process.ChildProcess._handle.onexit (child_process.js:1087:5)
108 verbose pkgid pennyTracker-core@
109 verbose cwd /Users/Daf/GitHub/pennytracker
110 error Darwin 15.0.0
111 error argv "node" "/usr/local/bin/npm" "install"
112 error node v0.12.5
113 error npm  v2.11.2
114 error code ELIFECYCLE
115 error pennyTracker-core@ postinstall: `bower install`
115 error Exit status 1
116 error Failed at the pennyTracker-core@ postinstall script 'bower install'.
116 error This is most likely a problem with the pennyTracker-core package,
116 error not with npm itself.
116 error Tell the author that this fails on your system:
116 error     bower install
116 error You can get their info via:
116 error     npm owner ls pennyTracker-core
116 error There is likely additional logging output above.
117 verbose exit [ 1, true ]
